<?xml version="1.0" encoding="UTF-8"?>
<!-- Generated by org.testng.reporters.JUnitXMLReporter -->
<testsuite ignored="0" hostname="DESKTOP-5BN39CV" failures="0" tests="4" name="Test" time="0.25" errors="0" timestamp="2024-09-09T23:57:53 IST">
  <testcase classname="test1.testng" name="demo2" time="0.017"/>
  <testcase classname="test1.testng" name="demo3" time="0.004"/>
  <testcase classname="test1.testng2" name="demo4" time="0.007"/>
  <testcase classname="test1.testng2" name="demo5" time="0.005"/>
</testsuite> <!-- Test -->
