<?xml version="1.0" encoding="UTF-8"?>
<testng-results ignored="0" total="4" passed="4" failed="0" skipped="0">
  <reporter-output>
  </reporter-output>
  <suite started-at="2024-09-09T23:57:53 IST" name="Suite" finished-at="2024-09-09T23:57:53 IST" duration-ms="250">
    <groups>
    </groups>
    <test started-at="2024-09-09T23:57:53 IST" name="Test" finished-at="2024-09-09T23:57:53 IST" duration-ms="250">
      <class name="test1.testng">
        <test-method is-config="true" signature="demo()[pri:0, instance:test1.testng@791f145a]" started-at="2024-09-09T23:57:53 IST" name="demo" finished-at="2024-09-09T23:57:53 IST" duration-ms="26" status="PASS">
          <reporter-output>
          </reporter-output>
        </test-method> <!-- demo -->
        <test-method signature="demo2()[pri:0, instance:test1.testng@791f145a]" started-at="2024-09-09T23:57:53 IST" name="demo2" finished-at="2024-09-09T23:57:53 IST" duration-ms="17" status="PASS">
          <reporter-output>
          </reporter-output>
        </test-method> <!-- demo2 -->
        <test-method is-config="true" signature="demo()[pri:0, instance:test1.testng@791f145a]" started-at="2024-09-09T23:57:53 IST" name="demo" finished-at="2024-09-09T23:57:53 IST" duration-ms="3" status="PASS">
          <reporter-output>
          </reporter-output>
        </test-method> <!-- demo -->
        <test-method signature="demo3()[pri:0, instance:test1.testng@791f145a]" started-at="2024-09-09T23:57:53 IST" name="demo3" finished-at="2024-09-09T23:57:53 IST" duration-ms="4" status="PASS">
          <reporter-output>
          </reporter-output>
        </test-method> <!-- demo3 -->
      </class> <!-- test1.testng -->
      <class name="test1.testng2">
        <test-method signature="demo4()[pri:0, instance:test1.testng2@2af004b]" started-at="2024-09-09T23:57:53 IST" name="demo4" finished-at="2024-09-09T23:57:53 IST" duration-ms="7" status="PASS">
          <reporter-output>
          </reporter-output>
        </test-method> <!-- demo4 -->
        <test-method signature="demo5()[pri:0, instance:test1.testng2@2af004b]" started-at="2024-09-09T23:57:53 IST" name="demo5" finished-at="2024-09-09T23:57:53 IST" duration-ms="5" status="PASS">
          <reporter-output>
          </reporter-output>
        </test-method> <!-- demo5 -->
      </class> <!-- test1.testng2 -->
    </test> <!-- Test -->
  </suite> <!-- Suite -->
</testng-results>
